2024-09-01T12:44:19.648+05:30  INFO 18600 --- [RoomManagement-Service] [restartedMain] c.s.R.RoomManagementServiceApplication   : Starting RoomManagementServiceApplication using Java 17.0.1 with PID 18600 (F:\PMS\RoomManagement-Service\target\classes started by Sovon Singha in F:\PMS\RoomManagement-Service)
2024-09-01T12:44:19.657+05:30  INFO 18600 --- [RoomManagement-Service] [restartedMain] c.s.R.RoomManagementServiceApplication   : No active profile set, falling back to 1 default profile: "default"
2024-09-01T12:44:19.701+05:30  INFO 18600 --- [RoomManagement-Service] [restartedMain] o.s.c.c.c.ConfigServerConfigDataLoader   : Fetching config from server at : http://localhost:8888
2024-09-01T12:44:19.702+05:30  INFO 18600 --- [RoomManagement-Service] [restartedMain] o.s.c.c.c.ConfigServerConfigDataLoader   : Exception on Url - http://localhost:8888:org.springframework.web.client.ResourceAccessException: I/O error on GET request for "http://localhost:8888/RoomManagement-Service/default": Connection refused: no further information. Will be trying the next url if available
2024-09-01T12:44:19.702+05:30  WARN 18600 --- [RoomManagement-Service] [restartedMain] o.s.c.c.c.ConfigServerConfigDataLoader   : Could not locate PropertySource ([ConfigServerConfigDataResource@63802bd5 uris = array<String>['http://localhost:8888'], optional = true, profiles = 'default']): I/O error on GET request for "http://localhost:8888/RoomManagement-Service/default": Connection refused: no further information
2024-09-01T12:44:19.702+05:30  INFO 18600 --- [RoomManagement-Service] [restartedMain] o.s.c.c.c.ConfigServerConfigDataLoader   : Fetching config from server at : http://localhost:8888
2024-09-01T12:44:19.702+05:30  INFO 18600 --- [RoomManagement-Service] [restartedMain] o.s.c.c.c.ConfigServerConfigDataLoader   : Exception on Url - http://localhost:8888:org.springframework.web.client.ResourceAccessException: I/O error on GET request for "http://localhost:8888/RoomManagement-Service/default": Connection refused: no further information. Will be trying the next url if available
2024-09-01T12:44:19.702+05:30  WARN 18600 --- [RoomManagement-Service] [restartedMain] o.s.c.c.c.ConfigServerConfigDataLoader   : Could not locate PropertySource ([ConfigServerConfigDataResource@4ce881d5 uris = array<String>['http://localhost:8888'], optional = true, profiles = 'default']): I/O error on GET request for "http://localhost:8888/RoomManagement-Service/default": Connection refused: no further information
2024-09-01T12:44:19.702+05:30  INFO 18600 --- [RoomManagement-Service] [restartedMain] o.s.c.c.c.ConfigServerConfigDataLoader   : Fetching config from server at : http://localhost:8888
2024-09-01T12:44:19.702+05:30  INFO 18600 --- [RoomManagement-Service] [restartedMain] o.s.c.c.c.ConfigServerConfigDataLoader   : Exception on Url - http://localhost:8888:org.springframework.web.client.ResourceAccessException: I/O error on GET request for "http://localhost:8888/RoomManagement-Service/default": Connection refused: no further information. Will be trying the next url if available
2024-09-01T12:44:19.702+05:30  WARN 18600 --- [RoomManagement-Service] [restartedMain] o.s.c.c.c.ConfigServerConfigDataLoader   : Could not locate PropertySource ([ConfigServerConfigDataResource@13a990b0 uris = array<String>['http://localhost:8888'], optional = true, profiles = 'default']): I/O error on GET request for "http://localhost:8888/RoomManagement-Service/default": Connection refused: no further information
2024-09-01T12:44:19.704+05:30  INFO 18600 --- [RoomManagement-Service] [restartedMain] .e.DevToolsPropertyDefaultsPostProcessor : Devtools property defaults active! Set 'spring.devtools.add-properties' to 'false' to disable
2024-09-01T12:44:19.704+05:30  INFO 18600 --- [RoomManagement-Service] [restartedMain] .e.DevToolsPropertyDefaultsPostProcessor : For additional web related logging consider setting the 'logging.level.web' property to 'DEBUG'
2024-09-01T12:44:20.917+05:30  INFO 18600 --- [RoomManagement-Service] [restartedMain] .s.d.r.c.RepositoryConfigurationDelegate : Bootstrapping Spring Data JPA repositories in DEFAULT mode.
2024-09-01T12:44:21.083+05:30  INFO 18600 --- [RoomManagement-Service] [restartedMain] .s.d.r.c.RepositoryConfigurationDelegate : Finished Spring Data repository scanning in 158 ms. Found 1 JPA repository interface.
2024-09-01T12:44:21.459+05:30  INFO 18600 --- [RoomManagement-Service] [restartedMain] o.s.cloud.context.scope.GenericScope     : BeanFactory id=18fc2cc4-2689-36ec-95ec-d1539a36e6be
2024-09-01T12:44:21.996+05:30  WARN 18600 --- [RoomManagement-Service] [restartedMain] trationDelegate$BeanPostProcessorChecker : Bean 'org.springframework.cloud.client.loadbalancer.LoadBalancerAutoConfiguration$DeferringLoadBalancerInterceptorConfig' of type [org.springframework.cloud.client.loadbalancer.LoadBalancerAutoConfiguration$DeferringLoadBalancerInterceptorConfig] is not eligible for getting processed by all BeanPostProcessors (for example: not eligible for auto-proxying). The currently created BeanPostProcessor [lbRestClientPostProcessor] is declared through a non-static factory method on that class; consider declaring it as static instead.
2024-09-01T12:44:22.002+05:30  WARN 18600 --- [RoomManagement-Service] [restartedMain] trationDelegate$BeanPostProcessorChecker : Bean 'deferringLoadBalancerInterceptor' of type [org.springframework.cloud.client.loadbalancer.DeferringLoadBalancerInterceptor] is not eligible for getting processed by all BeanPostProcessors (for example: not eligible for auto-proxying). Is this bean getting eagerly injected into a currently created BeanPostProcessor [lbRestClientPostProcessor]? Check the corresponding BeanPostProcessor declaration and its dependencies.
2024-09-01T12:44:23.017+05:30  INFO 18600 --- [RoomManagement-Service] [restartedMain] o.s.b.w.embedded.tomcat.TomcatWebServer  : Tomcat initialized with port 8083 (http)
2024-09-01T12:44:23.073+05:30  INFO 18600 --- [RoomManagement-Service] [restartedMain] o.apache.catalina.core.StandardService   : Starting service [Tomcat]
2024-09-01T12:44:23.074+05:30  INFO 18600 --- [RoomManagement-Service] [restartedMain] o.apache.catalina.core.StandardEngine    : Starting Servlet engine: [Apache Tomcat/10.1.20]
2024-09-01T12:44:23.157+05:30  INFO 18600 --- [RoomManagement-Service] [restartedMain] o.a.c.c.C.[Tomcat].[localhost].[/]       : Initializing Spring embedded WebApplicationContext
2024-09-01T12:44:23.157+05:30  INFO 18600 --- [RoomManagement-Service] [restartedMain] w.s.c.ServletWebServerApplicationContext : Root WebApplicationContext: initialization completed in 3453 ms
2024-09-01T12:44:24.100+05:30  INFO 18600 --- [RoomManagement-Service] [restartedMain] com.zaxxer.hikari.HikariDataSource       : HikariPool-1 - Starting...
2024-09-01T12:44:24.910+05:30  INFO 18600 --- [RoomManagement-Service] [restartedMain] com.zaxxer.hikari.pool.HikariPool        : HikariPool-1 - Added connection com.mysql.cj.jdbc.ConnectionImpl@3b4df0fe
2024-09-01T12:44:24.912+05:30  INFO 18600 --- [RoomManagement-Service] [restartedMain] com.zaxxer.hikari.HikariDataSource       : HikariPool-1 - Start completed.
2024-09-01T12:44:24.947+05:30  INFO 18600 --- [RoomManagement-Service] [restartedMain] o.hibernate.jpa.internal.util.LogHelper  : HHH000204: Processing PersistenceUnitInfo [name: default]
2024-09-01T12:44:24.985+05:30  INFO 18600 --- [RoomManagement-Service] [restartedMain] org.hibernate.Version                    : HHH000412: Hibernate ORM core version 6.4.4.Final
2024-09-01T12:44:25.072+05:30  INFO 18600 --- [RoomManagement-Service] [restartedMain] o.h.c.internal.RegionFactoryInitiator    : HHH000026: Second-level cache disabled
2024-09-01T12:44:25.654+05:30  INFO 18600 --- [RoomManagement-Service] [restartedMain] o.s.o.j.p.SpringPersistenceUnitInfo      : No LoadTimeWeaver setup: ignoring JPA class transformer
2024-09-01T12:44:26.376+05:30  INFO 18600 --- [RoomManagement-Service] [restartedMain] o.h.e.t.j.p.i.JtaPlatformInitiator       : HHH000489: No JTA platform available (set 'hibernate.transaction.jta.platform' to enable JTA platform integration)
2024-09-01T12:44:26.378+05:30  INFO 18600 --- [RoomManagement-Service] [restartedMain] j.LocalContainerEntityManagerFactoryBean : Initialized JPA EntityManagerFactory for persistence unit 'default'
2024-09-01T12:44:27.681+05:30  WARN 18600 --- [RoomManagement-Service] [restartedMain] JpaBaseConfiguration$JpaWebConfiguration : spring.jpa.open-in-view is enabled by default. Therefore, database queries may be performed during view rendering. Explicitly configure spring.jpa.open-in-view to disable this warning
2024-09-01T12:44:29.882+05:30  WARN 18600 --- [RoomManagement-Service] [restartedMain] o.s.b.d.a.OptionalLiveReloadServer       : Unable to start LiveReload server
2024-09-01T12:44:30.088+05:30  INFO 18600 --- [RoomManagement-Service] [restartedMain] DiscoveryClientOptionalArgsConfiguration : Eureka HTTP Client uses RestTemplate.
2024-09-01T12:44:30.245+05:30  WARN 18600 --- [RoomManagement-Service] [restartedMain] iguration$LoadBalancerCaffeineWarnLogger : Spring Cloud LoadBalancer is currently working with the default cache. While this cache implementation is useful for development and tests, it's recommended to use Caffeine cache in production.You can switch to using Caffeine cache, by adding it and org.springframework.cache.caffeine.CaffeineCacheManager to the classpath.
2024-09-01T12:44:30.262+05:30  INFO 18600 --- [RoomManagement-Service] [restartedMain] o.s.b.a.e.web.EndpointLinksResolver      : Exposing 1 endpoint(s) beneath base path '/actuator'
2024-09-01T12:44:30.447+05:30  INFO 18600 --- [RoomManagement-Service] [restartedMain] o.s.c.n.eureka.InstanceInfoFactory       : Setting initial instance status as: STARTING
2024-09-01T12:44:30.528+05:30  INFO 18600 --- [RoomManagement-Service] [restartedMain] com.netflix.discovery.DiscoveryClient    : Initializing Eureka in region us-east-1
2024-09-01T12:44:30.533+05:30  INFO 18600 --- [RoomManagement-Service] [restartedMain] c.n.d.s.r.aws.ConfigClusterResolver      : Resolving eureka endpoints via configuration
2024-09-01T12:44:30.549+05:30  INFO 18600 --- [RoomManagement-Service] [restartedMain] com.netflix.discovery.DiscoveryClient    : Disable delta property : false
2024-09-01T12:44:30.549+05:30  INFO 18600 --- [RoomManagement-Service] [restartedMain] com.netflix.discovery.DiscoveryClient    : Single vip registry refresh property : null
2024-09-01T12:44:30.549+05:30  INFO 18600 --- [RoomManagement-Service] [restartedMain] com.netflix.discovery.DiscoveryClient    : Force full registry fetch : false
2024-09-01T12:44:30.549+05:30  INFO 18600 --- [RoomManagement-Service] [restartedMain] com.netflix.discovery.DiscoveryClient    : Application is null : false
2024-09-01T12:44:30.549+05:30  INFO 18600 --- [RoomManagement-Service] [restartedMain] com.netflix.discovery.DiscoveryClient    : Registered Applications size is zero : true
2024-09-01T12:44:30.549+05:30  INFO 18600 --- [RoomManagement-Service] [restartedMain] com.netflix.discovery.DiscoveryClient    : Application version is -1: true
2024-09-01T12:44:30.549+05:30  INFO 18600 --- [RoomManagement-Service] [restartedMain] com.netflix.discovery.DiscoveryClient    : Getting all instance registry info from the eureka server
2024-09-01T12:44:30.946+05:30  INFO 18600 --- [RoomManagement-Service] [restartedMain] com.netflix.discovery.DiscoveryClient    : The response status is 200
2024-09-01T12:44:30.948+05:30  INFO 18600 --- [RoomManagement-Service] [restartedMain] com.netflix.discovery.DiscoveryClient    : Starting heartbeat executor: renew interval is: 30
2024-09-01T12:44:30.950+05:30  INFO 18600 --- [RoomManagement-Service] [restartedMain] c.n.discovery.InstanceInfoReplicator     : InstanceInfoReplicator onDemand update allowed rate per min is 4
2024-09-01T12:44:30.950+05:30  INFO 18600 --- [RoomManagement-Service] [restartedMain] com.netflix.discovery.DiscoveryClient    : Discovery Client initialized at timestamp 1725174870950 with initial instances count: 3
2024-09-01T12:44:30.961+05:30  INFO 18600 --- [RoomManagement-Service] [restartedMain] o.s.c.n.e.s.EurekaServiceRegistry        : Registering application ROOMMANAGEMENT-SERVICE with eureka with status UP
2024-09-01T12:44:30.962+05:30  INFO 18600 --- [RoomManagement-Service] [restartedMain] com.netflix.discovery.DiscoveryClient    : Saw local status change event StatusChangeEvent [timestamp=1725174870962, current=UP, previous=STARTING]
2024-09-01T12:44:30.963+05:30  INFO 18600 --- [RoomManagement-Service] [DiscoveryClient-InstanceInfoReplicator-%d] com.netflix.discovery.DiscoveryClient    : DiscoveryClient_ROOMMANAGEMENT-SERVICE/LAPTOP-NEIGL8AB:RoomManagement-Service:8083: registering service...
2024-09-01T12:44:31.002+05:30  INFO 18600 --- [RoomManagement-Service] [restartedMain] o.s.b.w.embedded.tomcat.TomcatWebServer  : Tomcat started on port 8083 (http) with context path ''
2024-09-01T12:44:31.004+05:30  INFO 18600 --- [RoomManagement-Service] [restartedMain] .s.c.n.e.s.EurekaAutoServiceRegistration : Updating port to 8083
2024-09-01T12:44:31.022+05:30  INFO 18600 --- [RoomManagement-Service] [DiscoveryClient-InstanceInfoReplicator-%d] com.netflix.discovery.DiscoveryClient    : DiscoveryClient_ROOMMANAGEMENT-SERVICE/LAPTOP-NEIGL8AB:RoomManagement-Service:8083 - registration status: 204
2024-09-01T12:44:31.118+05:30  INFO 18600 --- [RoomManagement-Service] [restartedMain] c.s.R.RoomManagementServiceApplication   : Started RoomManagementServiceApplication in 12.768 seconds (process running for 13.618)
